The system is: Windows - 10.0.19041 - AMD64
Compiling the C compiler identification source file "CMakeCCompilerId.c" succeeded.
Compiler: C:/Users/jupiter/Desktop/mingw32/bin/gcc.exe 
Build flags: 
Id flags:  

The output was:
0


Compilation of the C compiler identification source "CMakeCCompilerId.c" produced "a.exe"

The C compiler identification is GNU, found in "C:/Users/jupiter/CLionProjects/exampleClassCpp/cmake-build-debug/CMakeFiles/3.20.2/CompilerIdC/a.exe"

Compiling the CXX compiler identification source file "CMakeCXXCompilerId.cpp" succeeded.
Compiler: C:/Users/jupiter/Desktop/mingw32/bin/g++.exe 
Build flags: 
Id flags:  

The output was:
0


Compilation of the CXX compiler identification source "CMakeCXXCompilerId.cpp" produced "a.exe"

The CXX compiler identification is GNU, found in "C:/Users/jupiter/CLionProjects/exampleClassCpp/cmake-build-debug/CMakeFiles/3.20.2/CompilerIdCXX/a.exe"

Determining if the C compiler works passed with the following output:
Change Dir: C:/Users/jupiter/CLionProjects/exampleClassCpp/cmake-build-debug/CMakeFiles/CMakeTmp

Run Build Command(s):C:/Users/jupiter/Desktop/mingw32/bin/mingw32-make.exe -f Makefile cmTC_3126e/fast && C:/Users/jupiter/Desktop/mingw32/bin/mingw32-make.exe  -f CMakeFiles\cmTC_3126e.dir\build.make CMakeFiles/cmTC_3126e.dir/build
mingw32-make.exe[1]: Entering directory 'C:/Users/jupiter/CLionProjects/exampleClassCpp/cmake-build-debug/CMakeFiles/CMakeTmp'
Building C object CMakeFiles/cmTC_3126e.dir/testCCompiler.c.obj
C:\Users\jupiter\Desktop\mingw32\bin\gcc.exe    -o CMakeFiles\cmTC_3126e.dir\testCCompiler.c.obj -c C:\Users\jupiter\CLionProjects\exampleClassCpp\cmake-build-debug\CMakeFiles\CMakeTmp\testCCompiler.c
Linking C executable cmTC_3126e.exe
"C:\Program Files\JetBrains\CLion 2021.2.3\bin\cmake\win\bin\cmake.exe" -E cmake_link_script CMakeFiles\cmTC_3126e.dir\link.txt --verbose=1
"C:\Program Files\JetBrains\CLion 2021.2.3\bin\cmake\win\bin\cmake.exe" -E rm -f CMakeFiles\cmTC_3126e.dir/objects.a
C:\Users\jupiter\Desktop\mingw32\bin\ar.exe cr CMakeFiles\cmTC_3126e.dir/objects.a @CMakeFiles\cmTC_3126e.dir\objects1.rsp
C:\Users\jupiter\Desktop\mingw32\bin\gcc.exe -Wl,--whole-archive CMakeFiles\cmTC_3126e.dir/objects.a -Wl,--no-whole-archive -o cmTC_3126e.exe -Wl,--out-implib,libcmTC_3126e.dll.a -Wl,--major-image-version,0,--minor-image-version,0 @CMakeFiles\cmTC_3126e.dir\linklibs.rsp
mingw32-make.exe[1]: Leaving directory 'C:/Users/jupiter/CLionProjects/exampleClassCpp/cmake-build-debug/CMakeFiles/CMakeTmp'



Determining if the CXX compiler works passed with the following output:
Change Dir: C:/Users/jupiter/CLionProjects/exampleClassCpp/cmake-build-debug/CMakeFiles/CMakeTmp

Run Build Command(s):C:/Users/jupiter/Desktop/mingw32/bin/mingw32-make.exe -f Makefile cmTC_8bc24/fast && C:/Users/jupiter/Desktop/mingw32/bin/mingw32-make.exe  -f CMakeFiles\cmTC_8bc24.dir\build.make CMakeFiles/cmTC_8bc24.dir/build
mingw32-make.exe[1]: Entering directory 'C:/Users/jupiter/CLionProjects/exampleClassCpp/cmake-build-debug/CMakeFiles/CMakeTmp'
Building CXX object CMakeFiles/cmTC_8bc24.dir/testCXXCompiler.cxx.obj
C:\Users\jupiter\Desktop\mingw32\bin\g++.exe    -o CMakeFiles\cmTC_8bc24.dir\testCXXCompiler.cxx.obj -c C:\Users\jupiter\CLionProjects\exampleClassCpp\cmake-build-debug\CMakeFiles\CMakeTmp\testCXXCompiler.cxx
Linking CXX executable cmTC_8bc24.exe
"C:\Program Files\JetBrains\CLion 2021.2.3\bin\cmake\win\bin\cmake.exe" -E cmake_link_script CMakeFiles\cmTC_8bc24.dir\link.txt --verbose=1
"C:\Program Files\JetBrains\CLion 2021.2.3\bin\cmake\win\bin\cmake.exe" -E rm -f CMakeFiles\cmTC_8bc24.dir/objects.a
C:\Users\jupiter\Desktop\mingw32\bin\ar.exe cr CMakeFiles\cmTC_8bc24.dir/objects.a @CMakeFiles\cmTC_8bc24.dir\objects1.rsp
C:\Users\jupiter\Desktop\mingw32\bin\g++.exe -Wl,--whole-archive CMakeFiles\cmTC_8bc24.dir/objects.a -Wl,--no-whole-archive -o cmTC_8bc24.exe -Wl,--out-implib,libcmTC_8bc24.dll.a -Wl,--major-image-version,0,--minor-image-version,0 @CMakeFiles\cmTC_8bc24.dir\linklibs.rsp
mingw32-make.exe[1]: Leaving directory 'C:/Users/jupiter/CLionProjects/exampleClassCpp/cmake-build-debug/CMakeFiles/CMakeTmp'



